<?xml version="1.0" encoding="UTF-8"?>
<!-- Generated by org.testng.reporters.JUnitXMLReporter -->
<testsuite hostname="ATMECSINLT-044" ignored="0" name="PhpTest" tests="5" failures="0" timestamp="16 Sep 2019 13:57:04 GMT" time="160.398" errors="0">
  <testcase name="signUp" time="9.814" classname="com.atmecs.phptravels.tests.PhpTravels_signUp"/>
  <testcase name="signUp" time="11.167" classname="com.atmecs.phptravels.tests.PhpTravels_signUp"/>
  <testcase name="signUp" time="7.638" classname="com.atmecs.phptravels.tests.PhpTravels_signUp"/>
  <testcase name="signUp" time="8.061" classname="com.atmecs.phptravels.tests.PhpTravels_signUp"/>
  <testcase name="signUp" time="7.342" classname="com.atmecs.phptravels.tests.PhpTravels_signUp"/>
</testsuite> <!-- PhpTest -->
